<?xml version="1.0" encoding="UTF-8"?>
<testng-results ignored="0" total="2" passed="2" failed="0" skipped="0">
  <reporter-output>
  </reporter-output>
  <suite started-at="2024-01-20T16:36:44 IST" name="Suite" finished-at="2024-01-20T16:37:07 IST" duration-ms="22373">
    <groups>
    </groups>
    <test started-at="2024-01-20T16:36:44 IST" name="Test" finished-at="2024-01-20T16:37:07 IST" duration-ms="22373">
      <class name="mav.LC_single1">
        <test-method signature="m1()[pri:0, instance:mav.LC_single1@3e2e18f2]" started-at="2024-01-20T16:36:44 IST" name="m1" finished-at="2024-01-20T16:36:53 IST" duration-ms="8344" status="PASS">
          <reporter-output>
          </reporter-output>
        </test-method> <!-- m1 -->
      </class> <!-- mav.LC_single1 -->
      <class name="mav.Sc_181">
        <test-method signature="m1()[pri:0, instance:mav.Sc_181@6e4784bc]" started-at="2024-01-20T16:36:53 IST" name="m1" finished-at="2024-01-20T16:37:07 IST" duration-ms="13988" status="PASS">
          <reporter-output>
          </reporter-output>
        </test-method> <!-- m1 -->
      </class> <!-- mav.Sc_181 -->
    </test> <!-- Test -->
  </suite> <!-- Suite -->
</testng-results>
