<?xml version="1.0" encoding="UTF-8"?>
<testng-results ignored="0" total="2" passed="2" failed="0" skipped="0">
  <reporter-output>
  </reporter-output>
  <suite started-at="2024-01-20T16:12:43 IST" name="Suite" finished-at="2024-01-20T16:13:05 IST" duration-ms="21956">
    <groups>
    </groups>
    <test started-at="2024-01-20T16:12:43 IST" name="Test" finished-at="2024-01-20T16:13:05 IST" duration-ms="21956">
      <class name="mav.LC_single1">
        <test-method signature="m1()[pri:0, instance:mav.LC_single1@2a2bb0eb]" started-at="2024-01-20T16:12:43 IST" name="m1" finished-at="2024-01-20T16:12:50 IST" duration-ms="7515" status="PASS">
          <reporter-output>
          </reporter-output>
        </test-method> <!-- m1 -->
      </class> <!-- mav.LC_single1 -->
      <class name="mav.Sc_181">
        <test-method signature="m1()[pri:0, instance:mav.Sc_181@58783f6c]" started-at="2024-01-20T16:12:50 IST" name="m1" finished-at="2024-01-20T16:13:05 IST" duration-ms="14370" status="PASS">
          <reporter-output>
          </reporter-output>
        </test-method> <!-- m1 -->
      </class> <!-- mav.Sc_181 -->
    </test> <!-- Test -->
  </suite> <!-- Suite -->
</testng-results>
